{"/Users/danniellanasir/Documents/ReactCourse/authbackend/src/server.js": {"path":"/Users/danniellanasir/Documents/ReactCourse/authbackend/src/server.js","statementMap":{"0":{"start":{"line":6,"column":0},"end":{"line":6,"column":16}},"1":{"start":{"line":8,"column":12},"end":{"line":8,"column":21}},"2":{"start":{"line":10,"column":0},"end":{"line":10,"column":24}},"3":{"start":{"line":12,"column":0},"end":{"line":15,"column":3}},"4":{"start":{"line":17,"column":11},"end":{"line":17,"column":30}},"5":{"start":{"line":18,"column":0},"end":{"line":20,"column":2}},"6":{"start":{"line":19,"column":2},"end":{"line":19,"column":59}},"7":{"start":{"line":22,"column":0},"end":{"line":24,"column":2}},"8":{"start":{"line":23,"column":2},"end":{"line":23,"column":41}},"9":{"start":{"line":27,"column":0},"end":{"line":27,"column":30}},"10":{"start":{"line":29,"column":0},"end":{"line":33,"column":1}},"11":{"start":{"line":30,"column":2},"end":{"line":32,"column":5}},"12":{"start":{"line":31,"column":4},"end":{"line":31,"column":44}}},"fnMap":{"0":{"name":"(anonymous_0)","decl":{"start":{"line":18,"column":16},"end":{"line":18,"column":17}},"loc":{"start":{"line":18,"column":21},"end":{"line":20,"column":1}},"line":18},"1":{"name":"(anonymous_1)","decl":{"start":{"line":22,"column":15},"end":{"line":22,"column":16}},"loc":{"start":{"line":22,"column":22},"end":{"line":24,"column":1}},"line":22},"2":{"name":"(anonymous_2)","decl":{"start":{"line":30,"column":19},"end":{"line":30,"column":20}},"loc":{"start":{"line":30,"column":25},"end":{"line":32,"column":3}},"line":30}},"branchMap":{"0":{"loc":{"start":{"line":29,"column":0},"end":{"line":33,"column":1}},"type":"if","locations":[{"start":{"line":29,"column":0},"end":{"line":33,"column":1}},{"start":{"line":29,"column":0},"end":{"line":33,"column":1}}],"line":29}},"s":{"0":1,"1":1,"2":1,"3":1,"4":1,"5":1,"6":1,"7":1,"8":0,"9":1,"10":1,"11":0,"12":0},"f":{"0":1,"1":0,"2":0},"b":{"0":[0,1]},"_coverageSchema":"1a1c01bbd47fc00a2c39e90264f33305004495a9","hash":"9786ceef1f2bab2a76b5380bb7a37d819c8643b9"}
,"/Users/danniellanasir/Documents/ReactCourse/authbackend/src/api/users.js": {"path":"/Users/danniellanasir/Documents/ReactCourse/authbackend/src/api/users.js","statementMap":{"0":{"start":{"line":7,"column":19},"end":{"line":7,"column":21}},"1":{"start":{"line":10,"column":15},"end":{"line":10,"column":31}},"2":{"start":{"line":12,"column":17},"end":{"line":12,"column":52}},"3":{"start":{"line":14,"column":0},"end":{"line":35,"column":3}},"4":{"start":{"line":16,"column":2},"end":{"line":34,"column":3}},"5":{"start":{"line":19,"column":19},"end":{"line":19,"column":67}},"6":{"start":{"line":23,"column":20},"end":{"line":27,"column":6}},"7":{"start":{"line":29,"column":16},"end":{"line":29,"column":36}},"8":{"start":{"line":30,"column":4},"end":{"line":30,"column":25}},"9":{"start":{"line":33,"column":4},"end":{"line":33,"column":20}},"10":{"start":{"line":37,"column":0},"end":{"line":68,"column":5}},"11":{"start":{"line":38,"column":4},"end":{"line":67,"column":5}},"12":{"start":{"line":40,"column":19},"end":{"line":42,"column":8}},"13":{"start":{"line":43,"column":6},"end":{"line":43,"column":23}},"14":{"start":{"line":44,"column":6},"end":{"line":63,"column":7}},"15":{"start":{"line":45,"column":20},"end":{"line":45,"column":74}},"16":{"start":{"line":46,"column":8},"end":{"line":60,"column":9}},"17":{"start":{"line":47,"column":28},"end":{"line":51,"column":13}},"18":{"start":{"line":52,"column":32},"end":{"line":52,"column":76}},"19":{"start":{"line":53,"column":12},"end":{"line":56,"column":16}},"20":{"start":{"line":59,"column":10},"end":{"line":59,"column":50}},"21":{"start":{"line":62,"column":8},"end":{"line":62,"column":48}},"22":{"start":{"line":66,"column":6},"end":{"line":66,"column":23}},"23":{"start":{"line":70,"column":0},"end":{"line":72,"column":2}},"24":{"start":{"line":71,"column":2},"end":{"line":71,"column":27}},"25":{"start":{"line":74,"column":0},"end":{"line":78,"column":2}},"26":{"start":{"line":75,"column":15},"end":{"line":75,"column":68}},"27":{"start":{"line":76,"column":2},"end":{"line":76,"column":16}}},"fnMap":{"0":{"name":"(anonymous_0)","decl":{"start":{"line":14,"column":25},"end":{"line":14,"column":26}},"loc":{"start":{"line":14,"column":45},"end":{"line":35,"column":1}},"line":14},"1":{"name":"(anonymous_1)","decl":{"start":{"line":37,"column":22},"end":{"line":37,"column":23}},"loc":{"start":{"line":37,"column":42},"end":{"line":68,"column":3}},"line":37},"2":{"name":"(anonymous_2)","decl":{"start":{"line":70,"column":22},"end":{"line":70,"column":23}},"loc":{"start":{"line":70,"column":35},"end":{"line":72,"column":1}},"line":70},"3":{"name":"(anonymous_3)","decl":{"start":{"line":74,"column":29},"end":{"line":74,"column":30}},"loc":{"start":{"line":74,"column":49},"end":{"line":78,"column":1}},"line":74}},"branchMap":{"0":{"loc":{"start":{"line":44,"column":6},"end":{"line":63,"column":7}},"type":"if","locations":[{"start":{"line":44,"column":6},"end":{"line":63,"column":7}},{"start":{"line":44,"column":6},"end":{"line":63,"column":7}}],"line":44},"1":{"loc":{"start":{"line":46,"column":8},"end":{"line":60,"column":9}},"type":"if","locations":[{"start":{"line":46,"column":8},"end":{"line":60,"column":9}},{"start":{"line":46,"column":8},"end":{"line":60,"column":9}}],"line":46}},"s":{"0":1,"1":1,"2":1,"3":1,"4":1,"5":1,"6":1,"7":1,"8":1,"9":0,"10":1,"11":0,"12":0,"13":0,"14":0,"15":0,"16":0,"17":0,"18":0,"19":0,"20":0,"21":0,"22":0,"23":1,"24":0,"25":1,"26":0,"27":0},"f":{"0":1,"1":0,"2":0,"3":0},"b":{"0":[0,0],"1":[0,0]},"_coverageSchema":"1a1c01bbd47fc00a2c39e90264f33305004495a9","hash":"ff745e3a9eb66d10655212ca629982750854549a"}
,"/Users/danniellanasir/Documents/ReactCourse/authbackend/src/middleware/auth.js": {"path":"/Users/danniellanasir/Documents/ReactCourse/authbackend/src/middleware/auth.js","statementMap":{"0":{"start":{"line":3,"column":13},"end":{"line":14,"column":1}},"1":{"start":{"line":4,"column":18},"end":{"line":4,"column":44}},"2":{"start":{"line":5,"column":4},"end":{"line":5,"column":77}},"3":{"start":{"line":5,"column":15},"end":{"line":5,"column":77}},"4":{"start":{"line":7,"column":4},"end":{"line":13,"column":5}},"5":{"start":{"line":8,"column":24},"end":{"line":8,"column":68}},"6":{"start":{"line":9,"column":8},"end":{"line":9,"column":26}},"7":{"start":{"line":10,"column":8},"end":{"line":10,"column":14}},"8":{"start":{"line":12,"column":8},"end":{"line":12,"column":58}},"9":{"start":{"line":16,"column":0},"end":{"line":16,"column":21}}},"fnMap":{"0":{"name":"(anonymous_0)","decl":{"start":{"line":3,"column":13},"end":{"line":3,"column":14}},"loc":{"start":{"line":3,"column":33},"end":{"line":14,"column":1}},"line":3}},"branchMap":{"0":{"loc":{"start":{"line":5,"column":4},"end":{"line":5,"column":77}},"type":"if","locations":[{"start":{"line":5,"column":4},"end":{"line":5,"column":77}},{"start":{"line":5,"column":4},"end":{"line":5,"column":77}}],"line":5}},"s":{"0":1,"1":0,"2":0,"3":0,"4":0,"5":0,"6":0,"7":0,"8":0,"9":1},"f":{"0":0},"b":{"0":[0,0]},"_coverageSchema":"1a1c01bbd47fc00a2c39e90264f33305004495a9","hash":"78fc9a82824a40aa7f493bf7a75335ad3d3ea2c8"}
,"/Users/danniellanasir/Documents/ReactCourse/authbackend/src/models/User.js": {"path":"/Users/danniellanasir/Documents/ReactCourse/authbackend/src/models/User.js","statementMap":{"0":{"start":{"line":1,"column":17},"end":{"line":1,"column":36}},"1":{"start":{"line":2,"column":15},"end":{"line":2,"column":30}},"2":{"start":{"line":4,"column":19},"end":{"line":21,"column":2}},"3":{"start":{"line":23,"column":0},"end":{"line":23,"column":53}}},"fnMap":{},"branchMap":{},"s":{"0":1,"1":1,"2":1,"3":1},"f":{},"b":{},"_coverageSchema":"1a1c01bbd47fc00a2c39e90264f33305004495a9","hash":"8eeb874f4eeb0c310ee3f0069c5ca53c246dde26"}
}
