{"/Users/danniellanasir/Documents/ReactCourse/authbackend/src/api/users.js": {"path":"/Users/danniellanasir/Documents/ReactCourse/authbackend/src/api/users.js","statementMap":{"0":{"start":{"line":9,"column":19},"end":{"line":9,"column":21}},"1":{"start":{"line":12,"column":15},"end":{"line":12,"column":31}},"2":{"start":{"line":14,"column":0},"end":{"line":33,"column":3}},"3":{"start":{"line":15,"column":2},"end":{"line":32,"column":3}},"4":{"start":{"line":17,"column":19},"end":{"line":17,"column":67}},"5":{"start":{"line":21,"column":20},"end":{"line":25,"column":6}},"6":{"start":{"line":27,"column":4},"end":{"line":27,"column":25}},"7":{"start":{"line":28,"column":4},"end":{"line":28,"column":22}},"8":{"start":{"line":31,"column":4},"end":{"line":31,"column":21}},"9":{"start":{"line":35,"column":0},"end":{"line":66,"column":5}},"10":{"start":{"line":36,"column":4},"end":{"line":65,"column":5}},"11":{"start":{"line":38,"column":19},"end":{"line":40,"column":8}},"12":{"start":{"line":41,"column":6},"end":{"line":41,"column":23}},"13":{"start":{"line":42,"column":6},"end":{"line":61,"column":7}},"14":{"start":{"line":43,"column":20},"end":{"line":43,"column":74}},"15":{"start":{"line":44,"column":8},"end":{"line":58,"column":9}},"16":{"start":{"line":45,"column":28},"end":{"line":49,"column":13}},"17":{"start":{"line":50,"column":32},"end":{"line":50,"column":76}},"18":{"start":{"line":51,"column":12},"end":{"line":54,"column":16}},"19":{"start":{"line":57,"column":10},"end":{"line":57,"column":50}},"20":{"start":{"line":60,"column":8},"end":{"line":60,"column":48}},"21":{"start":{"line":64,"column":6},"end":{"line":64,"column":23}},"22":{"start":{"line":68,"column":0},"end":{"line":72,"column":2}},"23":{"start":{"line":69,"column":15},"end":{"line":69,"column":68}},"24":{"start":{"line":70,"column":2},"end":{"line":70,"column":16}},"25":{"start":{"line":74,"column":0},"end":{"line":74,"column":24}}},"fnMap":{"0":{"name":"(anonymous_0)","decl":{"start":{"line":14,"column":25},"end":{"line":14,"column":26}},"loc":{"start":{"line":14,"column":45},"end":{"line":33,"column":1}},"line":14},"1":{"name":"(anonymous_1)","decl":{"start":{"line":35,"column":22},"end":{"line":35,"column":23}},"loc":{"start":{"line":35,"column":42},"end":{"line":66,"column":3}},"line":35},"2":{"name":"(anonymous_2)","decl":{"start":{"line":68,"column":29},"end":{"line":68,"column":30}},"loc":{"start":{"line":68,"column":49},"end":{"line":72,"column":1}},"line":68}},"branchMap":{"0":{"loc":{"start":{"line":42,"column":6},"end":{"line":61,"column":7}},"type":"if","locations":[{"start":{"line":42,"column":6},"end":{"line":61,"column":7}},{"start":{"line":42,"column":6},"end":{"line":61,"column":7}}],"line":42},"1":{"loc":{"start":{"line":44,"column":8},"end":{"line":58,"column":9}},"type":"if","locations":[{"start":{"line":44,"column":8},"end":{"line":58,"column":9}},{"start":{"line":44,"column":8},"end":{"line":58,"column":9}}],"line":44}},"s":{"0":1,"1":1,"2":1,"3":1,"4":1,"5":0,"6":0,"7":0,"8":1,"9":1,"10":0,"11":0,"12":0,"13":0,"14":0,"15":0,"16":0,"17":0,"18":0,"19":0,"20":0,"21":0,"22":1,"23":0,"24":0,"25":1},"f":{"0":1,"1":0,"2":0},"b":{"0":[0,0],"1":[0,0]},"_coverageSchema":"1a1c01bbd47fc00a2c39e90264f33305004495a9","hash":"6f700cbf292c570f6584c36f6f9c12cfb1e45087"}
,"/Users/danniellanasir/Documents/ReactCourse/authbackend/src/middleware/auth.js": {"path":"/Users/danniellanasir/Documents/ReactCourse/authbackend/src/middleware/auth.js","statementMap":{"0":{"start":{"line":3,"column":13},"end":{"line":14,"column":1}},"1":{"start":{"line":4,"column":18},"end":{"line":4,"column":44}},"2":{"start":{"line":5,"column":4},"end":{"line":5,"column":77}},"3":{"start":{"line":5,"column":15},"end":{"line":5,"column":77}},"4":{"start":{"line":7,"column":4},"end":{"line":13,"column":5}},"5":{"start":{"line":8,"column":24},"end":{"line":8,"column":68}},"6":{"start":{"line":9,"column":8},"end":{"line":9,"column":26}},"7":{"start":{"line":10,"column":8},"end":{"line":10,"column":14}},"8":{"start":{"line":12,"column":8},"end":{"line":12,"column":58}},"9":{"start":{"line":16,"column":0},"end":{"line":16,"column":21}}},"fnMap":{"0":{"name":"(anonymous_0)","decl":{"start":{"line":3,"column":13},"end":{"line":3,"column":14}},"loc":{"start":{"line":3,"column":33},"end":{"line":14,"column":1}},"line":3}},"branchMap":{"0":{"loc":{"start":{"line":5,"column":4},"end":{"line":5,"column":77}},"type":"if","locations":[{"start":{"line":5,"column":4},"end":{"line":5,"column":77}},{"start":{"line":5,"column":4},"end":{"line":5,"column":77}}],"line":5}},"s":{"0":1,"1":0,"2":0,"3":0,"4":0,"5":0,"6":0,"7":0,"8":0,"9":1},"f":{"0":0},"b":{"0":[0,0]},"_coverageSchema":"1a1c01bbd47fc00a2c39e90264f33305004495a9","hash":"78fc9a82824a40aa7f493bf7a75335ad3d3ea2c8"}
,"/Users/danniellanasir/Documents/ReactCourse/authbackend/src/models/User.js": {"path":"/Users/danniellanasir/Documents/ReactCourse/authbackend/src/models/User.js","statementMap":{"0":{"start":{"line":1,"column":17},"end":{"line":1,"column":36}},"1":{"start":{"line":2,"column":15},"end":{"line":2,"column":30}},"2":{"start":{"line":4,"column":19},"end":{"line":21,"column":2}},"3":{"start":{"line":23,"column":0},"end":{"line":23,"column":53}}},"fnMap":{},"branchMap":{},"s":{"0":1,"1":1,"2":1,"3":1},"f":{},"b":{},"_coverageSchema":"1a1c01bbd47fc00a2c39e90264f33305004495a9","hash":"8eeb874f4eeb0c310ee3f0069c5ca53c246dde26"}
,"/Users/danniellanasir/Documents/ReactCourse/authbackend/src/validation/login.js": {"path":"/Users/danniellanasir/Documents/ReactCourse/authbackend/src/validation/login.js","statementMap":{"0":{"start":{"line":1,"column":18},"end":{"line":1,"column":38}},"1":{"start":{"line":2,"column":16},"end":{"line":2,"column":35}},"2":{"start":{"line":3,"column":0},"end":{"line":22,"column":2}},"3":{"start":{"line":4,"column":15},"end":{"line":4,"column":17}},"4":{"start":{"line":6,"column":2},"end":{"line":6,"column":54}},"5":{"start":{"line":7,"column":2},"end":{"line":7,"column":63}},"6":{"start":{"line":9,"column":2},"end":{"line":13,"column":3}},"7":{"start":{"line":10,"column":4},"end":{"line":10,"column":45}},"8":{"start":{"line":11,"column":9},"end":{"line":13,"column":3}},"9":{"start":{"line":12,"column":4},"end":{"line":12,"column":38}},"10":{"start":{"line":15,"column":2},"end":{"line":17,"column":3}},"11":{"start":{"line":16,"column":4},"end":{"line":16,"column":51}},"12":{"start":{"line":18,"column":0},"end":{"line":21,"column":4}}},"fnMap":{"0":{"name":"validateLoginInput","decl":{"start":{"line":3,"column":26},"end":{"line":3,"column":44}},"loc":{"start":{"line":3,"column":51},"end":{"line":22,"column":1}},"line":3}},"branchMap":{"0":{"loc":{"start":{"line":6,"column":15},"end":{"line":6,"column":53}},"type":"cond-expr","locations":[{"start":{"line":6,"column":38},"end":{"line":6,"column":48}},{"start":{"line":6,"column":51},"end":{"line":6,"column":53}}],"line":6},"1":{"loc":{"start":{"line":7,"column":18},"end":{"line":7,"column":62}},"type":"cond-expr","locations":[{"start":{"line":7,"column":44},"end":{"line":7,"column":57}},{"start":{"line":7,"column":60},"end":{"line":7,"column":62}}],"line":7},"2":{"loc":{"start":{"line":9,"column":2},"end":{"line":13,"column":3}},"type":"if","locations":[{"start":{"line":9,"column":2},"end":{"line":13,"column":3}},{"start":{"line":9,"column":2},"end":{"line":13,"column":3}}],"line":9},"3":{"loc":{"start":{"line":11,"column":9},"end":{"line":13,"column":3}},"type":"if","locations":[{"start":{"line":11,"column":9},"end":{"line":13,"column":3}},{"start":{"line":11,"column":9},"end":{"line":13,"column":3}}],"line":11},"4":{"loc":{"start":{"line":15,"column":2},"end":{"line":17,"column":3}},"type":"if","locations":[{"start":{"line":15,"column":2},"end":{"line":17,"column":3}},{"start":{"line":15,"column":2},"end":{"line":17,"column":3}}],"line":15}},"s":{"0":1,"1":1,"2":1,"3":0,"4":0,"5":0,"6":0,"7":0,"8":0,"9":0,"10":0,"11":0,"12":0},"f":{"0":0},"b":{"0":[0,0],"1":[0,0],"2":[0,0],"3":[0,0],"4":[0,0]},"_coverageSchema":"1a1c01bbd47fc00a2c39e90264f33305004495a9","hash":"78ad20f7b845c94dc9e61263f7df0353138813ef"}
,"/Users/danniellanasir/Documents/ReactCourse/authbackend/src/validation/register.js": {"path":"/Users/danniellanasir/Documents/ReactCourse/authbackend/src/validation/register.js","statementMap":{"0":{"start":{"line":1,"column":18},"end":{"line":1,"column":38}},"1":{"start":{"line":2,"column":16},"end":{"line":2,"column":35}},"2":{"start":{"line":3,"column":0},"end":{"line":37,"column":2}},"3":{"start":{"line":4,"column":15},"end":{"line":4,"column":17}},"4":{"start":{"line":6,"column":2},"end":{"line":6,"column":51}},"5":{"start":{"line":7,"column":2},"end":{"line":7,"column":54}},"6":{"start":{"line":8,"column":2},"end":{"line":8,"column":63}},"7":{"start":{"line":9,"column":2},"end":{"line":9,"column":66}},"8":{"start":{"line":11,"column":2},"end":{"line":13,"column":3}},"9":{"start":{"line":12,"column":4},"end":{"line":12,"column":43}},"10":{"start":{"line":15,"column":2},"end":{"line":19,"column":3}},"11":{"start":{"line":16,"column":4},"end":{"line":16,"column":45}},"12":{"start":{"line":17,"column":9},"end":{"line":19,"column":3}},"13":{"start":{"line":18,"column":4},"end":{"line":18,"column":38}},"14":{"start":{"line":21,"column":2},"end":{"line":23,"column":3}},"15":{"start":{"line":22,"column":4},"end":{"line":22,"column":51}},"16":{"start":{"line":24,"column":0},"end":{"line":26,"column":3}},"17":{"start":{"line":25,"column":4},"end":{"line":25,"column":60}},"18":{"start":{"line":27,"column":0},"end":{"line":29,"column":3}},"19":{"start":{"line":28,"column":4},"end":{"line":28,"column":63}},"20":{"start":{"line":30,"column":0},"end":{"line":32,"column":3}},"21":{"start":{"line":31,"column":4},"end":{"line":31,"column":46}},"22":{"start":{"line":33,"column":0},"end":{"line":36,"column":4}}},"fnMap":{"0":{"name":"validateRegisterInput","decl":{"start":{"line":3,"column":26},"end":{"line":3,"column":47}},"loc":{"start":{"line":3,"column":54},"end":{"line":37,"column":1}},"line":3}},"branchMap":{"0":{"loc":{"start":{"line":6,"column":14},"end":{"line":6,"column":50}},"type":"cond-expr","locations":[{"start":{"line":6,"column":36},"end":{"line":6,"column":45}},{"start":{"line":6,"column":48},"end":{"line":6,"column":50}}],"line":6},"1":{"loc":{"start":{"line":7,"column":15},"end":{"line":7,"column":53}},"type":"cond-expr","locations":[{"start":{"line":7,"column":38},"end":{"line":7,"column":48}},{"start":{"line":7,"column":51},"end":{"line":7,"column":53}}],"line":7},"2":{"loc":{"start":{"line":8,"column":18},"end":{"line":8,"column":62}},"type":"cond-expr","locations":[{"start":{"line":8,"column":44},"end":{"line":8,"column":57}},{"start":{"line":8,"column":60},"end":{"line":8,"column":62}}],"line":8},"3":{"loc":{"start":{"line":9,"column":19},"end":{"line":9,"column":65}},"type":"cond-expr","locations":[{"start":{"line":9,"column":46},"end":{"line":9,"column":60}},{"start":{"line":9,"column":63},"end":{"line":9,"column":65}}],"line":9},"4":{"loc":{"start":{"line":11,"column":2},"end":{"line":13,"column":3}},"type":"if","locations":[{"start":{"line":11,"column":2},"end":{"line":13,"column":3}},{"start":{"line":11,"column":2},"end":{"line":13,"column":3}}],"line":11},"5":{"loc":{"start":{"line":15,"column":2},"end":{"line":19,"column":3}},"type":"if","locations":[{"start":{"line":15,"column":2},"end":{"line":19,"column":3}},{"start":{"line":15,"column":2},"end":{"line":19,"column":3}}],"line":15},"6":{"loc":{"start":{"line":17,"column":9},"end":{"line":19,"column":3}},"type":"if","locations":[{"start":{"line":17,"column":9},"end":{"line":19,"column":3}},{"start":{"line":17,"column":9},"end":{"line":19,"column":3}}],"line":17},"7":{"loc":{"start":{"line":21,"column":2},"end":{"line":23,"column":3}},"type":"if","locations":[{"start":{"line":21,"column":2},"end":{"line":23,"column":3}},{"start":{"line":21,"column":2},"end":{"line":23,"column":3}}],"line":21},"8":{"loc":{"start":{"line":24,"column":0},"end":{"line":26,"column":3}},"type":"if","locations":[{"start":{"line":24,"column":0},"end":{"line":26,"column":3}},{"start":{"line":24,"column":0},"end":{"line":26,"column":3}}],"line":24},"9":{"loc":{"start":{"line":27,"column":0},"end":{"line":29,"column":3}},"type":"if","locations":[{"start":{"line":27,"column":0},"end":{"line":29,"column":3}},{"start":{"line":27,"column":0},"end":{"line":29,"column":3}}],"line":27},"10":{"loc":{"start":{"line":30,"column":0},"end":{"line":32,"column":3}},"type":"if","locations":[{"start":{"line":30,"column":0},"end":{"line":32,"column":3}},{"start":{"line":30,"column":0},"end":{"line":32,"column":3}}],"line":30}},"s":{"0":1,"1":1,"2":1,"3":0,"4":0,"5":0,"6":0,"7":0,"8":0,"9":0,"10":0,"11":0,"12":0,"13":0,"14":0,"15":0,"16":0,"17":0,"18":0,"19":0,"20":0,"21":0,"22":0},"f":{"0":0},"b":{"0":[0,0],"1":[0,0],"2":[0,0],"3":[0,0],"4":[0,0],"5":[0,0],"6":[0,0],"7":[0,0],"8":[0,0],"9":[0,0],"10":[0,0]},"_coverageSchema":"1a1c01bbd47fc00a2c39e90264f33305004495a9","hash":"a9fdac723e30eeca784b408410ca2fd5b29e4adb"}
}
